This is pdfTeXk, Version 3.141592-1.40.3 (Web2C 7.5.6) (format=pdflatex 2015.9.24)  26 JAN 2016 12:00
entering extended mode
 file:line:error style messages enabled.
 %&-line parsing enabled.
**NLP_and_Machine_Learning_Applied_-_Video_Game_Reviews.tex
(./NLP_and_Machine_Learning_Applied_-_Video_Game_Reviews.tex
LaTeX2e <2005/12/01>
Babel <v3.8h> and hyphenation patterns for english, usenglishmax, dumylang, noh
yphenation, arabic, basque, bulgarian, coptic, welsh, czech, slovak, german, ng
erman, danish, esperanto, spanish, catalan, galician, estonian, farsi, finnish,
 french, greek, monogreek, ancientgreek, croatian, hungarian, interlingua, ibyc
us, indonesian, icelandic, italian, latin, mongolian, dutch, norsk, polish, por
tuguese, pinyin, romanian, russian, slovenian, uppersorbian, serbian, swedish, 
turkish, ukenglish, ukrainian, loaded.
(/usr/share/texmf/tex/latex/base/article.cls
Document Class: article 2005/09/16 v1.4f Standard LaTeX document class
(/usr/share/texmf/tex/latex/base/size10.clo
File: size10.clo 2005/09/16 v1.4f Standard LaTeX file (size option)
)
\c@part=\count79
\c@section=\count80
\c@subsection=\count81
\c@subsubsection=\count82
\c@paragraph=\count83
\c@subparagraph=\count84
\c@figure=\count85
\c@table=\count86
\abovecaptionskip=\skip41
\belowcaptionskip=\skip42
\bibindent=\dimen102
) (./acl2015.sty
Conference Style for ACL 2015 -- released December 7, 2014
\titlebox=\skip43
) (/usr/share/texmf/tex/latex/psnfss/times.sty
Package: times 2005/04/12 PSNFSS-v9.2a (SPQR) 
)
(/usr/share/texmf/tex/latex/ltxmisc/url.sty
\Urlmuskip=\muskip10
Package: url 2005/06/27  ver 3.2  Verb mode for urls, etc.
)
(/usr/share/texmf/tex/latex/base/latexsym.sty
Package: latexsym 1998/08/17 v2.2e Standard LaTeX package (lasy symbols)
\symlasy=\mathgroup4
LaTeX Font Info:    Overwriting symbol font `lasy' in version `bold'
(Font)                  U/lasy/m/n --> U/lasy/b/n on input line 47.
)
(/usr/share/texmf/tex/latex/lipsum/lipsum.sty
Package: lipsum 2005/01/26 v1.0 150 paragraphs of Lorem Ipsum dummy text
File: lipsum.dtx 2005/01/26 v1.0 150 paragraphs of Lorem Ipsum dummy text
\c@lips@count=\count87
)

LaTeX Warning: Unused global option(s):
    [9pt].

(./NLP_and_Machine_Learning_Applied_-_Video_Game_Reviews.aux)
\openout1 = `NLP_and_Machine_Learning_Applied_-_Video_Game_Reviews.aux'.

LaTeX Font Info:    Checking defaults for OML/cmm/m/it on input line 42.
LaTeX Font Info:    ... okay on input line 42.
LaTeX Font Info:    Checking defaults for T1/cmr/m/n on input line 42.
LaTeX Font Info:    ... okay on input line 42.
LaTeX Font Info:    Checking defaults for OT1/cmr/m/n on input line 42.
LaTeX Font Info:    ... okay on input line 42.
LaTeX Font Info:    Checking defaults for OMS/cmsy/m/n on input line 42.
LaTeX Font Info:    ... okay on input line 42.
LaTeX Font Info:    Checking defaults for OMX/cmex/m/n on input line 42.
LaTeX Font Info:    ... okay on input line 42.
LaTeX Font Info:    Checking defaults for U/cmr/m/n on input line 42.
LaTeX Font Info:    ... okay on input line 42.
LaTeX Font Info:    Try loading font information for OT1+ptm on input line 42.

(/usr/share/texmf/tex/latex/psnfss/ot1ptm.fd
File: ot1ptm.fd 2001/06/04 font definitions for OT1/ptm.
)
LaTeX Font Info:    Font shape `OT1/ptm/bx/n' in size <14.4> not available
(Font)              Font shape `OT1/ptm/b/n' tried instead on input line 43.
LaTeX Font Info:    External font `cmex10' loaded for size
(Font)              <12> on input line 43.
LaTeX Font Info:    External font `cmex10' loaded for size
(Font)              <8> on input line 43.
LaTeX Font Info:    External font `cmex10' loaded for size
(Font)              <6> on input line 43.
LaTeX Font Info:    Try loading font information for U+lasy on input line 43.

(/usr/share/texmf/tex/latex/base/ulasy.fd
File: ulasy.fd 1998/08/17 v2.2e LaTeX symbol font definitions
)
LaTeX Font Info:    Font shape `OT1/ptm/bx/n' in size <12> not available
(Font)              Font shape `OT1/ptm/b/n' tried instead on input line 43.
LaTeX Font Info:    Try loading font information for OT1+pcr on input line 43.

(/usr/share/texmf/tex/latex/psnfss/ot1pcr.fd
File: ot1pcr.fd 2001/06/04 font definitions for OT1/pcr.
)
LaTeX Font Info:    Font shape `OT1/ptm/bx/n' in size <10> not available
(Font)              Font shape `OT1/ptm/b/n' tried instead on input line 60.
 [1{/var/lib/texmf/fonts/map/pdftex/updmap/pdftex.map}



]
LaTeX Font Info:    External font `cmex10' loaded for size
(Font)              <7> on input line 79.
LaTeX Font Info:    External font `cmex10' loaded for size
(Font)              <5> on input line 79.
LaTeX Font Info:    Try loading font information for OMS+ptm on input line 82.
 (/usr/share/texmf/tex/latex/psnfss/omsptm.fd
File: omsptm.fd 
)
LaTeX Font Info:    Font shape `OMS/ptm/m/n' in size <10> not available
(Font)              Font shape `OMS/cmsy/m/n' tried instead on input line 82.

Underfull \hbox (badness 1062) in paragraph at lines 115--116
\OT1/ptm/m/n/10 ford Parser were used and an ac-cu-racy of 89.6%
 []

[2]
Underfull \hbox (badness 10000) in paragraph at lines 141--142
\OT1/pcr/m/n/10 / / github . com / mulhod / steam _ reviews$\OT1/ptm/m/n/10 .
 []


Underfull \hbox (badness 4366) in paragraph at lines 141--142
\OT1/ptm/m/n/10 It is stored in rel-a-tively com-mon and portable
 []


Underfull \hbox (badness 5771) in paragraph at lines 167--168
\OT1/ptm/m/n/10 Like the data, all code writ-ten for and used
 []


Underfull \hbox (badness 10000) in paragraph at lines 167--168
\OT1/ptm/m/n/10 in this project has been made freely avail-
 []


Underfull \hbox (badness 10000) in paragraph at lines 167--168
\OT1/ptm/m/n/10 able via \OT1/pcr/m/n/10 GitHub.com\OT1/ptm/m/n/10 . The code r
epos-
 []


Underfull \hbox (badness 10000) in paragraph at lines 167--168
\OT1/ptm/m/n/10 i-tory can be found at the fol-low-ing URL:
 []


Underfull \hbox (badness 10000) in paragraph at lines 167--168
\OT1/pcr/m/n/10 https : / / github . com / mulhod / reviewer _
 []


Underfull \hbox (badness 1838) in paragraph at lines 167--168
\OT1/ptm/m/n/10 in-depth de-scrip-tions of the data, full ReST-style
 []


Underfull \hbox (badness 1527) in paragraph at lines 167--168
\OT1/ptm/m/n/10 doc-u-men-ta-tion for the code, clear in-struc-tions on
 []

[3] [4]
Overfull \hbox (2.14256pt too wide) in paragraph at lines 217--230
 [][] 
 []


Underfull \hbox (badness 1400) in paragraph at lines 251--252
\OT1/ptm/m/n/10 the code repos-i-tory that was de-vel-oped for ev-ery
 []


Underfull \hbox (badness 1735) in paragraph at lines 251--252
\OT1/ptm/m/n/10 low-ing URL: $\OT1/pcr/m/n/10 https : / / github . com / mulhod
 /
 []


Underfull \hbox (badness 1509) in paragraph at lines 251--252
\OT1/ptm/m/n/10 ity was cre-ated called \OT1/pcr/m/n/10 learn\OT1/ptm/m/n/10 , 
which is used to
 []


Underfull \hbox (badness 1377) in paragraph at lines 253--254
\OT1/ptm/m/n/10 Any set of games can be used for train-ing (and
 []


Underfull \hbox (badness 10000) in paragraph at lines 253--254
\OT1/pcr/m/n/10 MiniBatchKMeans\OT1/ptm/m/n/10 , \OT1/pcr/m/n/10 MultiNomialNB\
OT1/ptm/m/n/10 , and
 []


Underfull \hbox (badness 1237) in paragraph at lines 253--254
\OT1/ptm/m/n/10 to use ``fea-ture hash-ing'' (fur-ther re-duces mem-ory
 []


Underfull \hbox (badness 1142) in paragraph at lines 253--254
\OT1/ptm/m/n/10 gen-er-ate the per-for-mance met-rics for a ``base-line''
 []

./NLP_and_Machine_Learning_Applied_-_Video_Game_Reviews.tex:255: Missing $ inse
rted.
<inserted text> 
                $
l.255 ...following type of mapping: [0, 5,000] \to
                                                   1, [5,001, 10,000] \to 2,...
I've inserted a begin-math/end-math symbol since I think
you left one out. Proceed, with fingers crossed.

./NLP_and_Machine_Learning_Applied_-_Video_Game_Reviews.tex:256: Missing $ inse
rted.
<inserted text> 
                $
l.256 
      
I've inserted a begin-math/end-math symbol since I think
you left one out. Proceed, with fingers crossed.


Underfull \hbox (badness 7012) in paragraph at lines 257--258
[]\OT1/ptm/m/n/10 Often, how-ever, the raw val-ues of the re-
 []

[5]
Underfull \hbox (badness 10000) in paragraph at lines 266--267
[]\OT1/ptm/m/n/10 Five ma-chine learn-ing al-go-rithms were
 []


Underfull \hbox (badness 10000) in paragraph at lines 266--267
\OT1/ptm/m/n/10 used: \OT1/pcr/m/n/10 Perceptron\OT1/ptm/m/n/10 , \OT1/pcr/m/n/
10 MiniBatchKMeans\OT1/ptm/m/n/10 ,
 []


Underfull \hbox (badness 10000) in paragraph at lines 266--267
\OT1/pcr/m/n/10 PassiveAgressiveRegressor\OT1/ptm/m/n/10 ,
 []


Underfull \vbox (badness 3291) has occurred while \output is active []

 [6]
[7] [8

] (./NLP_and_Machine_Learning_Applied_-_Video_Game_Reviews.aux) ) 
Here is how much of TeX's memory you used:
 666 strings out of 256214
 8393 string characters out of 1917000
 151745 words of memory out of 1500000
 3982 multiletter control sequences out of 10000+200000
 18281 words of font info for 46 fonts, out of 1200000 for 2000
 645 hyphenation exceptions out of 8191
 23i,9n,19p,1721b,258s stack positions out of 5000i,500n,6000p,200000b,15000s
{/usr/share/te
xmf/fonts/enc/dvips/base/8r.enc}</usr/share/texmf/fonts/type1/bluesky/cm/cmmi10
.pfb></usr/share/texmf/fonts/type1/bluesky/cm/cmr10.pfb></usr/share/texmf/fonts
/type1/bluesky/cm/cmr7.pfb></usr/share/texmf/fonts/type1/bluesky/cm/cmsy10.pfb>
</usr/share/texmf/fonts/type1/urw/courier/ucrr8a.pfb></usr/share/texmf/fonts/ty
pe1/urw/times/utmb8a.pfb></usr/share/texmf/fonts/type1/urw/times/utmr8a.pfb></u
sr/share/texmf/fonts/type1/urw/times/utmri8a.pfb>
Output written on NLP_and_Machine_Learning_Applied_-_Video_Game_Reviews.pdf (8 
pages, 112686 bytes).
PDF statistics:
 62 PDF objects out of 1000 (max. 8388607)
 0 named destinations out of 1000 (max. 131072)
 1 words of extra memory for PDF output out of 10000 (max. 10000000)

